{"/home/dr-bendib-he/Web-Developer/final-project/face-recognition-backend-1/app.js": {"path":"/home/dr-bendib-he/Web-Developer/final-project/face-recognition-backend-1/app.js","statementMap":{"0":{"start":{"line":1,"column":16},"end":{"line":1,"column":34}},"1":{"start":{"line":2,"column":15},"end":{"line":2,"column":34}},"2":{"start":{"line":3,"column":13},"end":{"line":3,"column":28}},"3":{"start":{"line":4,"column":15},"end":{"line":4,"column":32}},"4":{"start":{"line":5,"column":17},"end":{"line":5,"column":50}},"5":{"start":{"line":6,"column":15},"end":{"line":6,"column":46}},"6":{"start":{"line":7,"column":16},"end":{"line":7,"column":48}},"7":{"start":{"line":8,"column":14},"end":{"line":8,"column":44}},"8":{"start":{"line":10,"column":12},"end":{"line":10,"column":21}},"9":{"start":{"line":12,"column":0},"end":{"line":12,"column":18}},"10":{"start":{"line":13,"column":0},"end":{"line":13,"column":24}},"11":{"start":{"line":14,"column":0},"end":{"line":16,"column":4}},"12":{"start":{"line":19,"column":20},"end":{"line":25,"column":1}},"13":{"start":{"line":20,"column":4},"end":{"line":20,"column":81}},"14":{"start":{"line":20,"column":31},"end":{"line":20,"column":79}},"15":{"start":{"line":21,"column":4},"end":{"line":21,"column":86}},"16":{"start":{"line":21,"column":39},"end":{"line":21,"column":83}},"17":{"start":{"line":22,"column":4},"end":{"line":22,"column":92}},"18":{"start":{"line":22,"column":41},"end":{"line":22,"column":89}},"19":{"start":{"line":23,"column":4},"end":{"line":23,"column":84}},"20":{"start":{"line":23,"column":43},"end":{"line":23,"column":81}},"21":{"start":{"line":24,"column":4},"end":{"line":24,"column":75}},"22":{"start":{"line":24,"column":38},"end":{"line":24,"column":72}},"23":{"start":{"line":26,"column":0},"end":{"line":26,"column":38}}},"fnMap":{"0":{"name":"(anonymous_0)","decl":{"start":{"line":19,"column":20},"end":{"line":19,"column":21}},"loc":{"start":{"line":19,"column":35},"end":{"line":25,"column":1}},"line":19},"1":{"name":"(anonymous_1)","decl":{"start":{"line":20,"column":17},"end":{"line":20,"column":18}},"loc":{"start":{"line":20,"column":31},"end":{"line":20,"column":79}},"line":20},"2":{"name":"(anonymous_2)","decl":{"start":{"line":21,"column":24},"end":{"line":21,"column":25}},"loc":{"start":{"line":21,"column":38},"end":{"line":21,"column":84}},"line":21},"3":{"name":"(anonymous_3)","decl":{"start":{"line":22,"column":26},"end":{"line":22,"column":27}},"loc":{"start":{"line":22,"column":40},"end":{"line":22,"column":90}},"line":22},"4":{"name":"(anonymous_4)","decl":{"start":{"line":23,"column":28},"end":{"line":23,"column":29}},"loc":{"start":{"line":23,"column":42},"end":{"line":23,"column":82}},"line":23},"5":{"name":"(anonymous_5)","decl":{"start":{"line":24,"column":23},"end":{"line":24,"column":24}},"loc":{"start":{"line":24,"column":37},"end":{"line":24,"column":73}},"line":24}},"branchMap":{"0":{"loc":{"start":{"line":15,"column":12},"end":{"line":15,"column":63}},"type":"binary-expr","locations":[{"start":{"line":15,"column":12},"end":{"line":15,"column":36}},{"start":{"line":15,"column":40},"end":{"line":15,"column":63}}],"line":15}},"s":{"0":5,"1":5,"2":5,"3":5,"4":5,"5":5,"6":5,"7":5,"8":5,"9":5,"10":5,"11":5,"12":5,"13":5,"14":2,"15":5,"16":3,"17":5,"18":4,"19":5,"20":3,"21":5,"22":9,"23":5},"f":{"0":5,"1":2,"2":3,"3":4,"4":3,"5":9},"b":{"0":[5,0]},"_coverageSchema":"1a1c01bbd47fc00a2c39e90264f33305004495a9","hash":"894a4b4f537be7e16e3eaaaf65a9ca492b7f3fe5"}
,"/home/dr-bendib-he/Web-Developer/final-project/face-recognition-backend-1/database.js": {"path":"/home/dr-bendib-he/Web-Developer/final-project/face-recognition-backend-1/database.js","statementMap":{"0":{"start":{"line":2,"column":21},"end":{"line":27,"column":1}},"1":{"start":{"line":3,"column":4},"end":{"line":26,"column":5}},"2":{"start":{"line":5,"column":33},"end":{"line":5,"column":69}},"3":{"start":{"line":6,"column":8},"end":{"line":22,"column":9}},"4":{"start":{"line":7,"column":12},"end":{"line":18,"column":15}},"5":{"start":{"line":8,"column":16},"end":{"line":8,"column":62}},"6":{"start":{"line":9,"column":16},"end":{"line":9,"column":51}},"7":{"start":{"line":12,"column":16},"end":{"line":12,"column":49}},"8":{"start":{"line":13,"column":16},"end":{"line":13,"column":51}},"9":{"start":{"line":14,"column":16},"end":{"line":15,"column":78}},"10":{"start":{"line":16,"column":16},"end":{"line":16,"column":54}},"11":{"start":{"line":17,"column":16},"end":{"line":17,"column":68}},"12":{"start":{"line":19,"column":12},"end":{"line":19,"column":56}},"13":{"start":{"line":21,"column":12},"end":{"line":21,"column":49}},"14":{"start":{"line":24,"column":8},"end":{"line":24,"column":53}},"15":{"start":{"line":25,"column":8},"end":{"line":25,"column":18}},"16":{"start":{"line":29,"column":0},"end":{"line":29,"column":33}}},"fnMap":{"0":{"name":"(anonymous_0)","decl":{"start":{"line":2,"column":21},"end":{"line":2,"column":22}},"loc":{"start":{"line":2,"column":37},"end":{"line":27,"column":1}},"line":2},"1":{"name":"(anonymous_1)","decl":{"start":{"line":7,"column":52},"end":{"line":7,"column":53}},"loc":{"start":{"line":7,"column":63},"end":{"line":10,"column":13}},"line":7},"2":{"name":"(anonymous_2)","decl":{"start":{"line":11,"column":34},"end":{"line":11,"column":35}},"loc":{"start":{"line":11,"column":45},"end":{"line":18,"column":13}},"line":11}},"branchMap":{"0":{"loc":{"start":{"line":6,"column":8},"end":{"line":22,"column":9}},"type":"if","locations":[{"start":{"line":6,"column":8},"end":{"line":22,"column":9}},{"start":{"line":20,"column":15},"end":{"line":22,"column":9}}],"line":6}},"s":{"0":4,"1":4,"2":4,"3":4,"4":0,"5":0,"6":0,"7":0,"8":0,"9":0,"10":0,"11":0,"12":0,"13":4,"14":0,"15":0,"16":4},"f":{"0":4,"1":0,"2":0},"b":{"0":[0,4]},"_coverageSchema":"1a1c01bbd47fc00a2c39e90264f33305004495a9","hash":"19668fc9ebb324944ccb6b821cfa4666bdbfb97d"}
,"/home/dr-bendib-he/Web-Developer/final-project/face-recognition-backend-1/controllers/image.js": {"path":"/home/dr-bendib-he/Web-Developer/final-project/face-recognition-backend-1/controllers/image.js","statementMap":{"0":{"start":{"line":1,"column":14},"end":{"line":1,"column":35}},"1":{"start":{"line":3,"column":20},"end":{"line":79,"column":3}},"2":{"start":{"line":4,"column":29},"end":{"line":4,"column":37}},"3":{"start":{"line":7,"column":4},"end":{"line":9,"column":5}},"4":{"start":{"line":8,"column":6},"end":{"line":8,"column":83}},"5":{"start":{"line":11,"column":4},"end":{"line":13,"column":5}},"6":{"start":{"line":12,"column":6},"end":{"line":12,"column":64}},"7":{"start":{"line":16,"column":16},"end":{"line":16,"column":40}},"8":{"start":{"line":17,"column":20},"end":{"line":17,"column":34}},"9":{"start":{"line":18,"column":19},"end":{"line":18,"column":41}},"10":{"start":{"line":19,"column":21},"end":{"line":19,"column":37}},"11":{"start":{"line":21,"column":27},"end":{"line":31,"column":5}},"12":{"start":{"line":34,"column":4},"end":{"line":78,"column":9}},"13":{"start":{"line":35,"column":6},"end":{"line":77,"column":13}},"14":{"start":{"line":37,"column":28},"end":{"line":40,"column":9}},"15":{"start":{"line":42,"column":8},"end":{"line":44,"column":9}},"16":{"start":{"line":43,"column":10},"end":{"line":43,"column":57}},"17":{"start":{"line":46,"column":24},"end":{"line":46,"column":48}},"18":{"start":{"line":49,"column":23},"end":{"line":63,"column":12}},"19":{"start":{"line":50,"column":25},"end":{"line":53,"column":37}},"20":{"start":{"line":55,"column":12},"end":{"line":57,"column":13}},"21":{"start":{"line":56,"column":14},"end":{"line":56,"column":48}},"22":{"start":{"line":59,"column":12},"end":{"line":62,"column":14}},"23":{"start":{"line":66,"column":8},"end":{"line":66,"column":25}},"24":{"start":{"line":68,"column":8},"end":{"line":70,"column":9}},"25":{"start":{"line":69,"column":10},"end":{"line":69,"column":58}},"26":{"start":{"line":71,"column":8},"end":{"line":76,"column":9}},"27":{"start":{"line":72,"column":10},"end":{"line":75,"column":13}},"28":{"start":{"line":80,"column":2},"end":{"line":80,"column":35}}},"fnMap":{"0":{"name":"(anonymous_0)","decl":{"start":{"line":3,"column":20},"end":{"line":3,"column":21}},"loc":{"start":{"line":3,"column":41},"end":{"line":79,"column":3}},"line":3},"1":{"name":"(anonymous_1)","decl":{"start":{"line":34,"column":5},"end":{"line":34,"column":6}},"loc":{"start":{"line":34,"column":17},"end":{"line":78,"column":5}},"line":34},"2":{"name":"(anonymous_2)","decl":{"start":{"line":49,"column":47},"end":{"line":49,"column":48}},"loc":{"start":{"line":49,"column":60},"end":{"line":63,"column":11}},"line":49}},"branchMap":{"0":{"loc":{"start":{"line":7,"column":4},"end":{"line":9,"column":5}},"type":"if","locations":[{"start":{"line":7,"column":4},"end":{"line":9,"column":5}},{"start":{},"end":{}}],"line":7},"1":{"loc":{"start":{"line":7,"column":8},"end":{"line":7,"column":24}},"type":"binary-expr","locations":[{"start":{"line":7,"column":8},"end":{"line":7,"column":17}},{"start":{"line":7,"column":21},"end":{"line":7,"column":24}}],"line":7},"2":{"loc":{"start":{"line":11,"column":4},"end":{"line":13,"column":5}},"type":"if","locations":[{"start":{"line":11,"column":4},"end":{"line":13,"column":5}},{"start":{},"end":{}}],"line":11},"3":{"loc":{"start":{"line":42,"column":8},"end":{"line":44,"column":9}},"type":"if","locations":[{"start":{"line":42,"column":8},"end":{"line":44,"column":9}},{"start":{},"end":{}}],"line":42},"4":{"loc":{"start":{"line":55,"column":12},"end":{"line":57,"column":13}},"type":"if","locations":[{"start":{"line":55,"column":12},"end":{"line":57,"column":13}},{"start":{},"end":{}}],"line":55},"5":{"loc":{"start":{"line":55,"column":16},"end":{"line":55,"column":42}},"type":"binary-expr","locations":[{"start":{"line":55,"column":16},"end":{"line":55,"column":21}},{"start":{"line":55,"column":25},"end":{"line":55,"column":42}}],"line":55},"6":{"loc":{"start":{"line":68,"column":8},"end":{"line":70,"column":9}},"type":"if","locations":[{"start":{"line":68,"column":8},"end":{"line":70,"column":9}},{"start":{},"end":{}}],"line":68},"7":{"loc":{"start":{"line":71,"column":8},"end":{"line":76,"column":9}},"type":"if","locations":[{"start":{"line":71,"column":8},"end":{"line":76,"column":9}},{"start":{},"end":{}}],"line":71},"8":{"loc":{"start":{"line":74,"column":21},"end":{"line":74,"column":87}},"type":"cond-expr","locations":[{"start":{"line":74,"column":62},"end":{"line":74,"column":75}},{"start":{"line":74,"column":78},"end":{"line":74,"column":87}}],"line":74}},"s":{"0":5,"1":5,"2":9,"3":9,"4":2,"5":7,"6":1,"7":6,"8":6,"9":6,"10":6,"11":6,"12":6,"13":6,"14":6,"15":6,"16":1,"17":5,"18":5,"19":5,"20":5,"21":0,"22":5,"23":5,"24":1,"25":0,"26":1,"27":1,"28":5},"f":{"0":9,"1":6,"2":5},"b":{"0":[2,7],"1":[9,8],"2":[1,6],"3":[1,5],"4":[0,5],"5":[5,5],"6":[0,1],"7":[1,0],"8":[0,1]},"_coverageSchema":"1a1c01bbd47fc00a2c39e90264f33305004495a9","hash":"775839d75f67d83e06ce9bbdb2601db379892daa"}
,"/home/dr-bendib-he/Web-Developer/final-project/face-recognition-backend-1/controllers/profile.js": {"path":"/home/dr-bendib-he/Web-Developer/final-project/face-recognition-backend-1/controllers/profile.js","statementMap":{"0":{"start":{"line":1,"column":22},"end":{"line":12,"column":1}},"1":{"start":{"line":2,"column":19},"end":{"line":2,"column":29}},"2":{"start":{"line":3,"column":4},"end":{"line":11,"column":67}},"3":{"start":{"line":5,"column":12},"end":{"line":9,"column":13}},"4":{"start":{"line":6,"column":16},"end":{"line":6,"column":34}},"5":{"start":{"line":8,"column":16},"end":{"line":8,"column":57}},"6":{"start":{"line":11,"column":22},"end":{"line":11,"column":65}},"7":{"start":{"line":14,"column":0},"end":{"line":16,"column":1}}},"fnMap":{"0":{"name":"(anonymous_0)","decl":{"start":{"line":1,"column":22},"end":{"line":1,"column":23}},"loc":{"start":{"line":1,"column":43},"end":{"line":12,"column":1}},"line":1},"1":{"name":"(anonymous_1)","decl":{"start":{"line":4,"column":14},"end":{"line":4,"column":15}},"loc":{"start":{"line":4,"column":22},"end":{"line":10,"column":9}},"line":4},"2":{"name":"(anonymous_2)","decl":{"start":{"line":11,"column":15},"end":{"line":11,"column":16}},"loc":{"start":{"line":11,"column":22},"end":{"line":11,"column":65}},"line":11}},"branchMap":{"0":{"loc":{"start":{"line":5,"column":12},"end":{"line":9,"column":13}},"type":"if","locations":[{"start":{"line":5,"column":12},"end":{"line":9,"column":13}},{"start":{"line":7,"column":19},"end":{"line":9,"column":13}}],"line":5}},"s":{"0":5,"1":3,"2":3,"3":2,"4":1,"5":1,"6":1,"7":5},"f":{"0":3,"1":2,"2":1},"b":{"0":[1,1]},"_coverageSchema":"1a1c01bbd47fc00a2c39e90264f33305004495a9","hash":"91faf2d58bf87cc46f71a55ab627e809a704a762"}
,"/home/dr-bendib-he/Web-Developer/final-project/face-recognition-backend-1/controllers/register.js": {"path":"/home/dr-bendib-he/Web-Developer/final-project/face-recognition-backend-1/controllers/register.js","statementMap":{"0":{"start":{"line":2,"column":23},"end":{"line":32,"column":1}},"1":{"start":{"line":3,"column":38},"end":{"line":3,"column":46}},"2":{"start":{"line":4,"column":4},"end":{"line":6,"column":5}},"3":{"start":{"line":5,"column":8},"end":{"line":5,"column":66}},"4":{"start":{"line":7,"column":17},"end":{"line":7,"column":42}},"5":{"start":{"line":9,"column":4},"end":{"line":31,"column":63}},"6":{"start":{"line":10,"column":8},"end":{"line":29,"column":28}},"7":{"start":{"line":17,"column":12},"end":{"line":26,"column":14}},"8":{"start":{"line":25,"column":16},"end":{"line":25,"column":34}},"9":{"start":{"line":31,"column":18},"end":{"line":31,"column":61}},"10":{"start":{"line":34,"column":0},"end":{"line":36,"column":1}}},"fnMap":{"0":{"name":"(anonymous_0)","decl":{"start":{"line":2,"column":23},"end":{"line":2,"column":24}},"loc":{"start":{"line":2,"column":52},"end":{"line":32,"column":1}},"line":2},"1":{"name":"(anonymous_1)","decl":{"start":{"line":9,"column":22},"end":{"line":9,"column":23}},"loc":{"start":{"line":9,"column":29},"end":{"line":30,"column":5}},"line":9},"2":{"name":"(anonymous_2)","decl":{"start":{"line":16,"column":14},"end":{"line":16,"column":15}},"loc":{"start":{"line":16,"column":26},"end":{"line":27,"column":9}},"line":16},"3":{"name":"(anonymous_3)","decl":{"start":{"line":24,"column":18},"end":{"line":24,"column":19}},"loc":{"start":{"line":24,"column":26},"end":{"line":26,"column":13}},"line":24},"4":{"name":"(anonymous_4)","decl":{"start":{"line":31,"column":11},"end":{"line":31,"column":12}},"loc":{"start":{"line":31,"column":18},"end":{"line":31,"column":61}},"line":31}},"branchMap":{"0":{"loc":{"start":{"line":4,"column":4},"end":{"line":6,"column":5}},"type":"if","locations":[{"start":{"line":4,"column":4},"end":{"line":6,"column":5}},{"start":{},"end":{}}],"line":4},"1":{"loc":{"start":{"line":4,"column":8},"end":{"line":4,"column":36}},"type":"binary-expr","locations":[{"start":{"line":4,"column":8},"end":{"line":4,"column":14}},{"start":{"line":4,"column":18},"end":{"line":4,"column":23}},{"start":{"line":4,"column":27},"end":{"line":4,"column":36}}],"line":4}},"s":{"0":5,"1":4,"2":4,"3":3,"4":1,"5":1,"6":1,"7":1,"8":1,"9":0,"10":5},"f":{"0":4,"1":1,"2":1,"3":1,"4":0},"b":{"0":[3,1],"1":[4,3,2]},"_coverageSchema":"1a1c01bbd47fc00a2c39e90264f33305004495a9","hash":"708ca97c55599dc08d1138068bbb23ae64753ee4"}
,"/home/dr-bendib-he/Web-Developer/final-project/face-recognition-backend-1/controllers/signin.js": {"path":"/home/dr-bendib-he/Web-Developer/final-project/face-recognition-backend-1/controllers/signin.js","statementMap":{"0":{"start":{"line":1,"column":21},"end":{"line":24,"column":5}},"1":{"start":{"line":2,"column":30},"end":{"line":2,"column":38}},"2":{"start":{"line":4,"column":4},"end":{"line":6,"column":5}},"3":{"start":{"line":5,"column":8},"end":{"line":5,"column":58}},"4":{"start":{"line":8,"column":4},"end":{"line":22,"column":49}},"5":{"start":{"line":11,"column":28},"end":{"line":11,"column":70}},"6":{"start":{"line":12,"column":12},"end":{"line":20,"column":13}},"7":{"start":{"line":13,"column":16},"end":{"line":17,"column":74}},"8":{"start":{"line":15,"column":20},"end":{"line":15,"column":38}},"9":{"start":{"line":17,"column":30},"end":{"line":17,"column":73}},"10":{"start":{"line":19,"column":16},"end":{"line":19,"column":58}},"11":{"start":{"line":22,"column":22},"end":{"line":22,"column":47}},"12":{"start":{"line":26,"column":0},"end":{"line":28,"column":1}}},"fnMap":{"0":{"name":"(anonymous_0)","decl":{"start":{"line":1,"column":21},"end":{"line":1,"column":22}},"loc":{"start":{"line":1,"column":50},"end":{"line":24,"column":5}},"line":1},"1":{"name":"(anonymous_1)","decl":{"start":{"line":10,"column":14},"end":{"line":10,"column":15}},"loc":{"start":{"line":10,"column":22},"end":{"line":21,"column":9}},"line":10},"2":{"name":"(anonymous_2)","decl":{"start":{"line":14,"column":22},"end":{"line":14,"column":23}},"loc":{"start":{"line":14,"column":30},"end":{"line":16,"column":17}},"line":14},"3":{"name":"(anonymous_3)","decl":{"start":{"line":17,"column":23},"end":{"line":17,"column":24}},"loc":{"start":{"line":17,"column":30},"end":{"line":17,"column":73}},"line":17},"4":{"name":"(anonymous_4)","decl":{"start":{"line":22,"column":15},"end":{"line":22,"column":16}},"loc":{"start":{"line":22,"column":22},"end":{"line":22,"column":47}},"line":22}},"branchMap":{"0":{"loc":{"start":{"line":4,"column":4},"end":{"line":6,"column":5}},"type":"if","locations":[{"start":{"line":4,"column":4},"end":{"line":6,"column":5}},{"start":{},"end":{}}],"line":4},"1":{"loc":{"start":{"line":4,"column":8},"end":{"line":4,"column":27}},"type":"binary-expr","locations":[{"start":{"line":4,"column":8},"end":{"line":4,"column":14}},{"start":{"line":4,"column":18},"end":{"line":4,"column":27}}],"line":4},"2":{"loc":{"start":{"line":12,"column":12},"end":{"line":20,"column":13}},"type":"if","locations":[{"start":{"line":12,"column":12},"end":{"line":20,"column":13}},{"start":{"line":18,"column":19},"end":{"line":20,"column":13}}],"line":12}},"s":{"0":5,"1":3,"2":3,"3":2,"4":1,"5":1,"6":1,"7":1,"8":1,"9":0,"10":0,"11":0,"12":5},"f":{"0":3,"1":1,"2":1,"3":0,"4":0},"b":{"0":[2,1],"1":[3,2],"2":[1,0]},"_coverageSchema":"1a1c01bbd47fc00a2c39e90264f33305004495a9","hash":"914c8db40c381ea65297474eb19772140312bf73"}
}
