TN:
SF:app.js
FN:19,(anonymous_0)
FN:20,(anonymous_1)
FN:21,(anonymous_2)
FN:22,(anonymous_3)
FN:23,(anonymous_4)
FN:24,(anonymous_5)
FNF:6
FNH:6
FNDA:5,(anonymous_0)
FNDA:2,(anonymous_1)
FNDA:3,(anonymous_2)
FNDA:4,(anonymous_3)
FNDA:3,(anonymous_4)
FNDA:9,(anonymous_5)
DA:1,5
DA:2,5
DA:3,5
DA:4,5
DA:5,5
DA:6,5
DA:7,5
DA:8,5
DA:10,5
DA:12,5
DA:13,5
DA:14,5
DA:19,5
DA:20,5
DA:21,5
DA:22,5
DA:23,5
DA:24,9
DA:26,5
LF:19
LH:19
BRDA:15,0,0,5
BRDA:15,0,1,0
BRF:2
BRH:1
end_of_record
TN:
SF:database.js
FN:2,(anonymous_0)
FN:7,(anonymous_1)
FN:11,(anonymous_2)
FNF:3
FNH:1
FNDA:4,(anonymous_0)
FNDA:0,(anonymous_1)
FNDA:0,(anonymous_2)
DA:2,4
DA:3,4
DA:5,4
DA:6,4
DA:7,0
DA:8,0
DA:9,0
DA:12,0
DA:13,0
DA:14,0
DA:16,0
DA:17,0
DA:19,0
DA:21,4
DA:24,0
DA:25,0
DA:29,4
LF:17
LH:6
BRDA:6,0,0,0
BRDA:6,0,1,4
BRF:2
BRH:1
end_of_record
TN:
SF:controllers/image.js
FN:3,(anonymous_0)
FN:34,(anonymous_1)
FN:49,(anonymous_2)
FNF:3
FNH:3
FNDA:9,(anonymous_0)
FNDA:6,(anonymous_1)
FNDA:5,(anonymous_2)
DA:1,5
DA:3,5
DA:4,9
DA:7,9
DA:8,2
DA:11,7
DA:12,1
DA:16,6
DA:17,6
DA:18,6
DA:19,6
DA:21,6
DA:34,6
DA:35,6
DA:37,6
DA:42,6
DA:43,1
DA:46,5
DA:49,5
DA:50,5
DA:55,5
DA:56,0
DA:59,5
DA:66,5
DA:68,1
DA:69,0
DA:71,1
DA:72,1
DA:80,5
LF:29
LH:27
BRDA:7,0,0,2
BRDA:7,0,1,7
BRDA:7,1,0,9
BRDA:7,1,1,8
BRDA:11,2,0,1
BRDA:11,2,1,6
BRDA:42,3,0,1
BRDA:42,3,1,5
BRDA:55,4,0,0
BRDA:55,4,1,5
BRDA:55,5,0,5
BRDA:55,5,1,5
BRDA:68,6,0,0
BRDA:68,6,1,1
BRDA:71,7,0,1
BRDA:71,7,1,0
BRDA:74,8,0,0
BRDA:74,8,1,1
BRF:18
BRH:14
end_of_record
TN:
SF:controllers/profile.js
FN:1,(anonymous_0)
FN:4,(anonymous_1)
FN:11,(anonymous_2)
FNF:3
FNH:3
FNDA:3,(anonymous_0)
FNDA:2,(anonymous_1)
FNDA:1,(anonymous_2)
DA:1,5
DA:2,3
DA:3,3
DA:5,2
DA:6,1
DA:8,1
DA:11,1
DA:14,5
LF:8
LH:8
BRDA:5,0,0,1
BRDA:5,0,1,1
BRF:2
BRH:2
end_of_record
TN:
SF:controllers/register.js
FN:2,(anonymous_0)
FN:9,(anonymous_1)
FN:16,(anonymous_2)
FN:24,(anonymous_3)
FN:31,(anonymous_4)
FNF:5
FNH:4
FNDA:4,(anonymous_0)
FNDA:1,(anonymous_1)
FNDA:1,(anonymous_2)
FNDA:1,(anonymous_3)
FNDA:0,(anonymous_4)
DA:2,5
DA:3,4
DA:4,4
DA:5,3
DA:7,1
DA:9,1
DA:10,1
DA:17,1
DA:25,1
DA:31,0
DA:34,5
LF:11
LH:10
BRDA:4,0,0,3
BRDA:4,0,1,1
BRDA:4,1,0,4
BRDA:4,1,1,3
BRDA:4,1,2,2
BRF:5
BRH:5
end_of_record
TN:
SF:controllers/signin.js
FN:1,(anonymous_0)
FN:10,(anonymous_1)
FN:14,(anonymous_2)
FN:17,(anonymous_3)
FN:22,(anonymous_4)
FNF:5
FNH:3
FNDA:3,(anonymous_0)
FNDA:1,(anonymous_1)
FNDA:1,(anonymous_2)
FNDA:0,(anonymous_3)
FNDA:0,(anonymous_4)
DA:1,5
DA:2,3
DA:4,3
DA:5,2
DA:8,1
DA:11,1
DA:12,1
DA:13,1
DA:15,1
DA:17,0
DA:19,0
DA:22,0
DA:26,5
LF:13
LH:10
BRDA:4,0,0,2
BRDA:4,0,1,1
BRDA:4,1,0,3
BRDA:4,1,1,2
BRDA:12,2,0,1
BRDA:12,2,1,0
BRF:6
BRH:5
end_of_record
